<?xml version="1.0" encoding="UTF-8"?>
<!-- Generated by org.testng.reporters.JUnitXMLReporter -->
<testsuite ignored="2" hostname="YAZHISAI-DV" failures="0" tests="0" time="0.014" errors="0" timestamp="2023-04-13T09:48:28 IST">
  <testcase classname="vtiger.Organization.Tests.CreateOrganizationTestPrac" name="createOrgTest" time="0.0">
    <ignored/>
  </testcase> <!-- createOrgTest -->
  <testcase classname="vtiger.Organization.Tests.CreateOrganizationTestPrac" name="demo" time="0.0">
    <ignored/>
  </testcase> <!-- demo -->
</testsuite>
